<?xml version="1.0" encoding="UTF-8"?>
<testsuite xmlns:xsi="http://www.w3.org/2001/XMLSchema-instance" xsi:noNamespaceSchemaLocation="https://maven.apache.org/surefire/maven-surefire-plugin/xsd/surefire-test-report-3.0.xsd" version="3.0" name="TestSuite" time="1.081" tests="4" errors="0" skipped="0" failures="0">
  <properties>
[...]
</properties>
  <testcase name="PostJita" classname="qaclickacademy.AppiumTest" time="0.009">
    <system-out><![CDATA[PostJita
]]></system-out>
  </testcase>
  <testcase name="deleteTwitter" classname="qaclickacademy.AppiumTest" time="0.001">
    <system-out><![CDATA[deleteTwitter
]]></system-out>
  </testcase>
  <testcase name="BrowserAutomation" classname="qaclickacademy.SeleniumTest" time="0.002">
    <system-out><![CDATA[BrowserAutomation
]]></system-out>
  </testcase>
  <testcase name="ElementUi" classname="qaclickacademy.SeleniumTest" time="0">
    <system-out><![CDATA[ElementUi
]]></system-out>
  </testcase>
</testsuite>