<?xml version="1.0" encoding="UTF-8"?>
<testng-results skipped="0" failed="0" ignored="0" total="4" passed="4">
  <reporter-output>
  </reporter-output>
  <suite name="Suite" duration-ms="65" started-at="2021-08-05T00:14:55 IST" finished-at="2021-08-05T00:14:55 IST">
    <groups>
    </groups>
    <test name="Test" duration-ms="65" started-at="2021-08-05T00:14:55 IST" finished-at="2021-08-05T00:14:55 IST">
      <class name="qaclickacademy.AppiumTest">
        <test-method status="PASS" signature="PostJita()[pri:0, instance:qaclickacademy.AppiumTest@551aa95a]" name="PostJita" duration-ms="6" started-at="2021-08-05T00:14:55 IST" finished-at="2021-08-05T00:14:55 IST">
          <reporter-output>
          </reporter-output>
        </test-method> <!-- PostJita -->
        <test-method status="PASS" signature="deleteTwitter()[pri:0, instance:qaclickacademy.AppiumTest@551aa95a]" name="deleteTwitter" duration-ms="0" started-at="2021-08-05T00:14:55 IST" finished-at="2021-08-05T00:14:55 IST">
          <reporter-output>
          </reporter-output>
        </test-method> <!-- deleteTwitter -->
      </class> <!-- qaclickacademy.AppiumTest -->
      <class name="qaclickacademy.SeleniumTest">
        <test-method status="PASS" signature="BrowserAutomation()[pri:0, instance:qaclickacademy.SeleniumTest@79be0360]" name="BrowserAutomation" duration-ms="1" started-at="2021-08-05T00:14:55 IST" finished-at="2021-08-05T00:14:55 IST">
          <reporter-output>
          </reporter-output>
        </test-method> <!-- BrowserAutomation -->
        <test-method status="PASS" signature="ElementUi()[pri:0, instance:qaclickacademy.SeleniumTest@79be0360]" name="ElementUi" duration-ms="1" started-at="2021-08-05T00:14:55 IST" finished-at="2021-08-05T00:14:55 IST">
          <reporter-output>
          </reporter-output>
        </test-method> <!-- ElementUi -->
      </class> <!-- qaclickacademy.SeleniumTest -->
    </test> <!-- Test -->
  </suite> <!-- Suite -->
</testng-results>
