<?xml version="1.0" encoding="UTF-8"?>
<!-- Generated by org.testng.reporters.JUnitXMLReporter -->
<testsuite hostname="ccitMO-43" ignored="0" name="Test" tests="4" failures="0" timestamp="2021-08-05T00:14:55 IST" time="0.065" errors="0">
  <testcase name="PostJita" time="0.006" classname="qaclickacademy.AppiumTest"/>
  <testcase name="deleteTwitter" time="0.0" classname="qaclickacademy.AppiumTest"/>
  <testcase name="BrowserAutomation" time="0.001" classname="qaclickacademy.SeleniumTest"/>
  <testcase name="ElementUi" time="0.001" classname="qaclickacademy.SeleniumTest"/>
</testsuite> <!-- Test -->
