<?xml version="1.0" encoding="UTF-8"?>
<testng-results skipped="0" failed="0" ignored="1" total="2" passed="1">
  <reporter-output>
  </reporter-output>
  <suite name="Default suite" duration-ms="375" started-at="2021-08-04T23:08:58 IST" finished-at="2021-08-04T23:08:58 IST">
    <groups>
    </groups>
    <test name="Default test" duration-ms="375" started-at="2021-08-04T23:08:58 IST" finished-at="2021-08-04T23:08:58 IST">
      <class name="qaclickacademy.AppiumTest">
        <test-method status="PASS" signature="PostJita()[pri:0, instance:qaclickacademy.AppiumTest@6b9651f3]" name="PostJita" duration-ms="33" started-at="2021-08-04T23:08:58 IST" finished-at="2021-08-04T23:08:58 IST">
          <reporter-output>
          </reporter-output>
        </test-method> <!-- PostJita -->
      </class> <!-- qaclickacademy.AppiumTest -->
    </test> <!-- Default test -->
  </suite> <!-- Default suite -->
</testng-results>
